
*** Running vivado
    with args -log motor_controller.vds -m64 -product Vivado -mode batch -messageDb vivado.pb -notrace -source motor_controller.tcl


****** Vivado v2024.1 (64-bit)
  **** SW Build 5076996 on Wed May 22 18:36:09 MDT 2024
  **** IP Build 5075265 on Wed May 22 21:45:21 MDT 2024
  **** SharedData Build 5076995 on Wed May 22 18:29:18 MDT 2024
  **** Start of session at: Thu Jul 18 22:44:16 2024
    ** Copyright 1986-2022 Xilinx, Inc. All Rights Reserved.
    ** Copyright 2022-2024 Advanced Micro Devices, Inc. All Rights Reserved.

source motor_controller.tcl -notrace
create_project: Time (s): cpu = 00:00:07 ; elapsed = 00:00:07 . Memory (MB): peak = 1416.418 ; gain = 0.027 ; free physical = 2563 ; free virtual = 7113
Command: read_checkpoint -auto_incremental -incremental /home/asanka/Documents/Vivado/motor_controller/motor_controller.srcs/utils_1/imports/synth_1/motor_controller.dcp
INFO: [Vivado 12-5825] Read reference checkpoint from /home/asanka/Documents/Vivado/motor_controller/motor_controller.srcs/utils_1/imports/synth_1/motor_controller.dcp for incremental synthesis
INFO: [Vivado 12-7989] Please ensure there are no constraint changes
Command: synth_design -top motor_controller -part xc7z007sclg400-1
Starting synth_design
Attempting to get a license for feature 'Synthesis' and/or device 'xc7z007s'
INFO: [Common 17-349] Got license for feature 'Synthesis' and/or device 'xc7z007s'
INFO: [Device 21-403] Loading part xc7z007sclg400-1
INFO: [Device 21-9227] Part: xc7z007sclg400-1 does not have CEAM library.
INFO: [Designutils 20-5440] No compile time benefit to using incremental synthesis; A full resynthesis will be run
INFO: [Designutils 20-4379] Flow is switching to default flow due to incremental criteria not met. If you would like to alter this behaviour and have the flow terminate instead, please set the following parameter config_implementation {autoIncr.Synth.RejectBehavior Terminate}
INFO: [Synth 8-7079] Multithreading enabled for synth_design using a maximum of 4 processes.
INFO: [Synth 8-7078] Launching helper process for spawning children vivado processes
INFO: [Synth 8-7075] Helper process launched with PID 78548
---------------------------------------------------------------------------------
Starting RTL Elaboration : Time (s): cpu = 00:00:04 ; elapsed = 00:00:04 . Memory (MB): peak = 2136.344 ; gain = 414.715 ; free physical = 1580 ; free virtual = 6130
---------------------------------------------------------------------------------
INFO: [Synth 8-11241] undeclared symbol 'recieving', assumed default net type 'wire' [/home/asanka/Documents/Vivado/motor_controller/motor_controller.srcs/sources_1/new/motor_controller.v:41]
INFO: [Synth 8-6157] synthesizing module 'motor_controller' [/home/asanka/Documents/Vivado/motor_controller/motor_controller.srcs/sources_1/new/motor_controller.v:22]
INFO: [Synth 8-6157] synthesizing module 'drive_clock' [/home/asanka/Documents/Vivado/motor_controller/motor_controller.srcs/sources_1/new/motor_controller.v:52]
INFO: [Synth 8-6155] done synthesizing module 'drive_clock' (0#1) [/home/asanka/Documents/Vivado/motor_controller/motor_controller.srcs/sources_1/new/motor_controller.v:52]
INFO: [Synth 8-6157] synthesizing module 'UART_Reciever' [/home/asanka/Documents/Vivado/motor_controller/motor_controller.srcs/sources_1/imports/new/UART_Reciever.v:1]
INFO: [Synth 8-6157] synthesizing module 'rx_clock' [/home/asanka/Documents/Vivado/motor_controller/motor_controller.srcs/sources_1/imports/new/UART_Reciever.v:127]
INFO: [Synth 8-6155] done synthesizing module 'rx_clock' (0#1) [/home/asanka/Documents/Vivado/motor_controller/motor_controller.srcs/sources_1/imports/new/UART_Reciever.v:127]
INFO: [Synth 8-6157] synthesizing module 'bit_counter_rx' [/home/asanka/Documents/Vivado/motor_controller/motor_controller.srcs/sources_1/imports/new/UART_Reciever.v:103]
INFO: [Synth 8-6155] done synthesizing module 'bit_counter_rx' (0#1) [/home/asanka/Documents/Vivado/motor_controller/motor_controller.srcs/sources_1/imports/new/UART_Reciever.v:103]
INFO: [Synth 8-6157] synthesizing module 'reciever' [/home/asanka/Documents/Vivado/motor_controller/motor_controller.srcs/sources_1/imports/new/UART_Reciever.v:78]
INFO: [Synth 8-6155] done synthesizing module 'reciever' (0#1) [/home/asanka/Documents/Vivado/motor_controller/motor_controller.srcs/sources_1/imports/new/UART_Reciever.v:78]
INFO: [Synth 8-6157] synthesizing module 'data_trigger' [/home/asanka/Documents/Vivado/motor_controller/motor_controller.srcs/sources_1/imports/new/UART_Reciever.v:160]
INFO: [Synth 8-6155] done synthesizing module 'data_trigger' (0#1) [/home/asanka/Documents/Vivado/motor_controller/motor_controller.srcs/sources_1/imports/new/UART_Reciever.v:160]
INFO: [Synth 8-6157] synthesizing module 'recieve_trigger' [/home/asanka/Documents/Vivado/motor_controller/motor_controller.srcs/sources_1/imports/new/UART_Reciever.v:42]
INFO: [Synth 8-6155] done synthesizing module 'recieve_trigger' (0#1) [/home/asanka/Documents/Vivado/motor_controller/motor_controller.srcs/sources_1/imports/new/UART_Reciever.v:42]
INFO: [Synth 8-6157] synthesizing module 'indicator' [/home/asanka/Documents/Vivado/motor_controller/motor_controller.srcs/sources_1/imports/new/indicator.v:1]
INFO: [Synth 8-6155] done synthesizing module 'indicator' (0#1) [/home/asanka/Documents/Vivado/motor_controller/motor_controller.srcs/sources_1/imports/new/indicator.v:1]
INFO: [Synth 8-6155] done synthesizing module 'UART_Reciever' (0#1) [/home/asanka/Documents/Vivado/motor_controller/motor_controller.srcs/sources_1/imports/new/UART_Reciever.v:1]
INFO: [Synth 8-6157] synthesizing module 'protection_module' [/home/asanka/Documents/Vivado/motor_controller/motor_controller.srcs/sources_1/new/protection_module.v:23]
INFO: [Synth 8-6155] done synthesizing module 'protection_module' (0#1) [/home/asanka/Documents/Vivado/motor_controller/motor_controller.srcs/sources_1/new/protection_module.v:23]
INFO: [Synth 8-6157] synthesizing module 'status_indicator' [/home/asanka/Documents/Vivado/motor_controller/motor_controller.srcs/sources_1/new/status_indicator.v:23]
INFO: [Synth 8-6155] done synthesizing module 'status_indicator' (0#1) [/home/asanka/Documents/Vivado/motor_controller/motor_controller.srcs/sources_1/new/status_indicator.v:23]
INFO: [Synth 8-6155] done synthesizing module 'motor_controller' (0#1) [/home/asanka/Documents/Vivado/motor_controller/motor_controller.srcs/sources_1/new/motor_controller.v:22]
---------------------------------------------------------------------------------
Finished RTL Elaboration : Time (s): cpu = 00:00:05 ; elapsed = 00:00:05 . Memory (MB): peak = 2210.312 ; gain = 488.684 ; free physical = 1486 ; free virtual = 6037
---------------------------------------------------------------------------------
---------------------------------------------------------------------------------
Start Handling Custom Attributes
---------------------------------------------------------------------------------
---------------------------------------------------------------------------------
Finished Handling Custom Attributes : Time (s): cpu = 00:00:05 ; elapsed = 00:00:05 . Memory (MB): peak = 2225.156 ; gain = 503.527 ; free physical = 1485 ; free virtual = 6035
---------------------------------------------------------------------------------
---------------------------------------------------------------------------------
Finished RTL Optimization Phase 1 : Time (s): cpu = 00:00:05 ; elapsed = 00:00:05 . Memory (MB): peak = 2225.156 ; gain = 503.527 ; free physical = 1485 ; free virtual = 6035
---------------------------------------------------------------------------------
Netlist sorting complete. Time (s): cpu = 00:00:00 ; elapsed = 00:00:00 . Memory (MB): peak = 2225.156 ; gain = 0.000 ; free physical = 1485 ; free virtual = 6035
INFO: [Project 1-570] Preparing netlist for logic optimization

Processing XDC Constraints
Initializing timing engine
Parsing XDC File [/home/asanka/Documents/Vivado/motor_controller/motor_controller.srcs/constrs_1/imports/Downloads/pins.xdc]
Finished Parsing XDC File [/home/asanka/Documents/Vivado/motor_controller/motor_controller.srcs/constrs_1/imports/Downloads/pins.xdc]
INFO: [Project 1-236] Implementation specific constraints were found while reading constraint file [/home/asanka/Documents/Vivado/motor_controller/motor_controller.srcs/constrs_1/imports/Downloads/pins.xdc]. These constraints will be ignored for synthesis but will be used in implementation. Impacted constraints are listed in the file [.Xil/motor_controller_propImpl.xdc].
Resolution: To avoid this warning, move constraints listed in [.Xil/motor_controller_propImpl.xdc] to another XDC file and exclude this new file from synthesis with the used_in_synthesis property (File Properties dialog in GUI) and re-run elaboration/synthesis.
Completed Processing XDC Constraints

Netlist sorting complete. Time (s): cpu = 00:00:00 ; elapsed = 00:00:00 . Memory (MB): peak = 2370.906 ; gain = 0.000 ; free physical = 1478 ; free virtual = 6028
INFO: [Project 1-111] Unisim Transformation Summary:
No Unisim elements were transformed.

Constraint Validation Runtime : Time (s): cpu = 00:00:00 ; elapsed = 00:00:00 . Memory (MB): peak = 2370.906 ; gain = 0.000 ; free physical = 1478 ; free virtual = 6028
INFO: [Designutils 20-5440] No compile time benefit to using incremental synthesis; A full resynthesis will be run
INFO: [Designutils 20-4379] Flow is switching to default flow due to incremental criteria not met. If you would like to alter this behaviour and have the flow terminate instead, please set the following parameter config_implementation {autoIncr.Synth.RejectBehavior Terminate}
---------------------------------------------------------------------------------
Finished Constraint Validation : Time (s): cpu = 00:00:10 ; elapsed = 00:00:11 . Memory (MB): peak = 2370.906 ; gain = 649.277 ; free physical = 1476 ; free virtual = 6026
---------------------------------------------------------------------------------
---------------------------------------------------------------------------------
Start Loading Part and Timing Information
---------------------------------------------------------------------------------
Loading part: xc7z007sclg400-1
---------------------------------------------------------------------------------
Finished Loading Part and Timing Information : Time (s): cpu = 00:00:10 ; elapsed = 00:00:11 . Memory (MB): peak = 2378.910 ; gain = 657.281 ; free physical = 1476 ; free virtual = 6026
---------------------------------------------------------------------------------
---------------------------------------------------------------------------------
Start Applying 'set_property' XDC Constraints
---------------------------------------------------------------------------------
---------------------------------------------------------------------------------
Finished applying 'set_property' XDC Constraints : Time (s): cpu = 00:00:10 ; elapsed = 00:00:11 . Memory (MB): peak = 2378.910 ; gain = 657.281 ; free physical = 1476 ; free virtual = 6026
---------------------------------------------------------------------------------
---------------------------------------------------------------------------------
Finished RTL Optimization Phase 2 : Time (s): cpu = 00:00:11 ; elapsed = 00:00:11 . Memory (MB): peak = 2378.910 ; gain = 657.281 ; free physical = 1474 ; free virtual = 6025
---------------------------------------------------------------------------------
---------------------------------------------------------------------------------
Start RTL Component Statistics 
---------------------------------------------------------------------------------
Detailed RTL Component Info : 
+---Adders : 
	   2 Input   26 Bit       Adders := 2     
	   2 Input    9 Bit       Adders := 1     
	   2 Input    4 Bit       Adders := 1     
+---Registers : 
	               26 Bit    Registers := 2     
	               10 Bit    Registers := 1     
	                9 Bit    Registers := 1     
	                8 Bit    Registers := 1     
	                4 Bit    Registers := 1     
	                1 Bit    Registers := 7     
+---Muxes : 
	   2 Input   26 Bit        Muxes := 2     
	   2 Input    1 Bit        Muxes := 3     
---------------------------------------------------------------------------------
Finished RTL Component Statistics 
---------------------------------------------------------------------------------
---------------------------------------------------------------------------------
Start Part Resource Summary
---------------------------------------------------------------------------------
Part Resources:
DSPs: 66 (col length:40)
BRAMs: 100 (col length: RAMB18 40 RAMB36 20)
---------------------------------------------------------------------------------
Finished Part Resource Summary
---------------------------------------------------------------------------------
---------------------------------------------------------------------------------
Start Cross Boundary and Area Optimization
---------------------------------------------------------------------------------
WARNING: [Synth 8-7080] Parallel synthesis criteria is not met
---------------------------------------------------------------------------------
Finished Cross Boundary and Area Optimization : Time (s): cpu = 00:00:12 ; elapsed = 00:00:12 . Memory (MB): peak = 2378.910 ; gain = 657.281 ; free physical = 1457 ; free virtual = 6012
---------------------------------------------------------------------------------
---------------------------------------------------------------------------------
Start Applying XDC Timing Constraints
---------------------------------------------------------------------------------
---------------------------------------------------------------------------------
Finished Applying XDC Timing Constraints : Time (s): cpu = 00:00:17 ; elapsed = 00:00:18 . Memory (MB): peak = 2378.910 ; gain = 657.281 ; free physical = 1463 ; free virtual = 6018
---------------------------------------------------------------------------------
---------------------------------------------------------------------------------
Start Timing Optimization
---------------------------------------------------------------------------------
---------------------------------------------------------------------------------
Finished Timing Optimization : Time (s): cpu = 00:00:18 ; elapsed = 00:00:18 . Memory (MB): peak = 2378.910 ; gain = 657.281 ; free physical = 1463 ; free virtual = 6018
---------------------------------------------------------------------------------
---------------------------------------------------------------------------------
Start Technology Mapping
---------------------------------------------------------------------------------
---------------------------------------------------------------------------------
Finished Technology Mapping : Time (s): cpu = 00:00:18 ; elapsed = 00:00:18 . Memory (MB): peak = 2378.910 ; gain = 657.281 ; free physical = 1463 ; free virtual = 6018
---------------------------------------------------------------------------------
---------------------------------------------------------------------------------
Start IO Insertion
---------------------------------------------------------------------------------
---------------------------------------------------------------------------------
Start Flattening Before IO Insertion
---------------------------------------------------------------------------------
---------------------------------------------------------------------------------
Finished Flattening Before IO Insertion
---------------------------------------------------------------------------------
---------------------------------------------------------------------------------
Start Final Netlist Cleanup
---------------------------------------------------------------------------------
---------------------------------------------------------------------------------
Finished Final Netlist Cleanup
---------------------------------------------------------------------------------
---------------------------------------------------------------------------------
Finished IO Insertion : Time (s): cpu = 00:00:21 ; elapsed = 00:00:21 . Memory (MB): peak = 2378.910 ; gain = 657.281 ; free physical = 1469 ; free virtual = 6024
---------------------------------------------------------------------------------
---------------------------------------------------------------------------------
Start Renaming Generated Instances
---------------------------------------------------------------------------------
---------------------------------------------------------------------------------
Finished Renaming Generated Instances : Time (s): cpu = 00:00:21 ; elapsed = 00:00:21 . Memory (MB): peak = 2378.910 ; gain = 657.281 ; free physical = 1469 ; free virtual = 6024
---------------------------------------------------------------------------------
---------------------------------------------------------------------------------
Start Rebuilding User Hierarchy
---------------------------------------------------------------------------------
---------------------------------------------------------------------------------
Finished Rebuilding User Hierarchy : Time (s): cpu = 00:00:21 ; elapsed = 00:00:21 . Memory (MB): peak = 2378.910 ; gain = 657.281 ; free physical = 1469 ; free virtual = 6024
---------------------------------------------------------------------------------
---------------------------------------------------------------------------------
Start Renaming Generated Ports
---------------------------------------------------------------------------------
---------------------------------------------------------------------------------
Finished Renaming Generated Ports : Time (s): cpu = 00:00:21 ; elapsed = 00:00:21 . Memory (MB): peak = 2378.910 ; gain = 657.281 ; free physical = 1469 ; free virtual = 6024
---------------------------------------------------------------------------------
---------------------------------------------------------------------------------
Start Handling Custom Attributes
---------------------------------------------------------------------------------
---------------------------------------------------------------------------------
Finished Handling Custom Attributes : Time (s): cpu = 00:00:21 ; elapsed = 00:00:21 . Memory (MB): peak = 2378.910 ; gain = 657.281 ; free physical = 1469 ; free virtual = 6024
---------------------------------------------------------------------------------
---------------------------------------------------------------------------------
Start Renaming Generated Nets
---------------------------------------------------------------------------------
---------------------------------------------------------------------------------
Finished Renaming Generated Nets : Time (s): cpu = 00:00:21 ; elapsed = 00:00:21 . Memory (MB): peak = 2378.910 ; gain = 657.281 ; free physical = 1469 ; free virtual = 6024
---------------------------------------------------------------------------------
---------------------------------------------------------------------------------
Start Writing Synthesis Report
---------------------------------------------------------------------------------

Report BlackBoxes: 
+-+--------------+----------+
| |BlackBox name |Instances |
+-+--------------+----------+
+-+--------------+----------+

Report Cell Usage: 
+------+-------+------+
|      |Cell   |Count |
+------+-------+------+
|1     |BUFG   |     2|
|2     |CARRY4 |    17|
|3     |LUT1   |     4|
|4     |LUT2   |     3|
|5     |LUT3   |    32|
|6     |LUT4   |    12|
|7     |LUT5   |     5|
|8     |LUT6   |    11|
|9     |FDCE   |     1|
|10    |FDPE   |     1|
|11    |FDRE   |    69|
|12    |FDSE   |     5|
|13    |IBUF   |     3|
|14    |OBUF   |     8|
+------+-------+------+
---------------------------------------------------------------------------------
Finished Writing Synthesis Report : Time (s): cpu = 00:00:21 ; elapsed = 00:00:21 . Memory (MB): peak = 2378.910 ; gain = 657.281 ; free physical = 1469 ; free virtual = 6024
---------------------------------------------------------------------------------
Synthesis finished with 0 errors, 0 critical warnings and 1 warnings.
Synthesis Optimization Runtime : Time (s): cpu = 00:00:20 ; elapsed = 00:00:20 . Memory (MB): peak = 2378.910 ; gain = 511.531 ; free physical = 1469 ; free virtual = 6024
Synthesis Optimization Complete : Time (s): cpu = 00:00:21 ; elapsed = 00:00:21 . Memory (MB): peak = 2378.918 ; gain = 657.281 ; free physical = 1470 ; free virtual = 6025
INFO: [Project 1-571] Translating synthesized netlist
Netlist sorting complete. Time (s): cpu = 00:00:00 ; elapsed = 00:00:00 . Memory (MB): peak = 2378.918 ; gain = 0.000 ; free physical = 1470 ; free virtual = 6025
INFO: [Netlist 29-17] Analyzing 17 Unisim elements for replacement
INFO: [Netlist 29-28] Unisim Transformation completed in 0 CPU seconds
INFO: [Project 1-570] Preparing netlist for logic optimization
INFO: [Opt 31-138] Pushed 0 inverter(s) to 0 load pin(s).
Netlist sorting complete. Time (s): cpu = 00:00:00 ; elapsed = 00:00:00 . Memory (MB): peak = 2434.938 ; gain = 0.000 ; free physical = 1773 ; free virtual = 6328
INFO: [Project 1-111] Unisim Transformation Summary:
No Unisim elements were transformed.

Synth Design complete | Checksum: a8cff64b
INFO: [Common 17-83] Releasing license: Synthesis
45 Infos, 1 Warnings, 0 Critical Warnings and 0 Errors encountered.
synth_design completed successfully
synth_design: Time (s): cpu = 00:00:29 ; elapsed = 00:00:26 . Memory (MB): peak = 2434.938 ; gain = 1018.520 ; free physical = 1773 ; free virtual = 6328
INFO: [Common 17-2834] synth_design peak Physical Memory [PSS] (MB): overall = 1885.544; main = 1544.076; forked = 387.260
INFO: [Common 17-2834] synth_design peak Virtual Memory [VSS] (MB): overall = 3419.781; main = 2434.941; forked = 1040.867
Write ShapeDB Complete: Time (s): cpu = 00:00:00 ; elapsed = 00:00:00 . Memory (MB): peak = 2458.949 ; gain = 0.000 ; free physical = 1773 ; free virtual = 6328
INFO: [Common 17-1381] The checkpoint '/home/asanka/Documents/Vivado/motor_controller/motor_controller.runs/synth_1/motor_controller.dcp' has been generated.
INFO: [Vivado 12-24828] Executing command : report_utilization -file motor_controller_utilization_synth.rpt -pb motor_controller_utilization_synth.pb
INFO: [Common 17-206] Exiting Vivado at Thu Jul 18 22:44:53 2024...
