
*** Running vivado
    with args -log motor_controller.vdi -applog -m64 -product Vivado -messageDb vivado.pb -mode batch -source motor_controller.tcl -notrace


****** Vivado v2024.1 (64-bit)
  **** SW Build 5076996 on Wed May 22 18:36:09 MDT 2024
  **** IP Build 5075265 on Wed May 22 21:45:21 MDT 2024
  **** SharedData Build 5076995 on Wed May 22 18:29:18 MDT 2024
  **** Start of session at: Thu Jul 18 20:23:05 2024
    ** Copyright 1986-2022 Xilinx, Inc. All Rights Reserved.
    ** Copyright 2022-2024 Advanced Micro Devices, Inc. All Rights Reserved.

source motor_controller.tcl -notrace
create_project: Time (s): cpu = 00:00:09 ; elapsed = 00:00:09 . Memory (MB): peak = 1414.320 ; gain = 0.027 ; free physical = 1275 ; free virtual = 7411
Command: link_design -top motor_controller -part xc7z007sclg400-1
Design is defaulting to srcset: sources_1
Design is defaulting to constrset: constrs_1
INFO: [Device 21-403] Loading part xc7z007sclg400-1
INFO: [Device 21-9227] Part: xc7z007sclg400-1 does not have CEAM library.
Netlist sorting complete. Time (s): cpu = 00:00:00 ; elapsed = 00:00:00 . Memory (MB): peak = 1721.562 ; gain = 0.000 ; free physical = 992 ; free virtual = 7124
INFO: [Netlist 29-17] Analyzing 14 Unisim elements for replacement
INFO: [Netlist 29-28] Unisim Transformation completed in 0 CPU seconds
INFO: [Project 1-479] Netlist was created with Vivado 2024.1
INFO: [Project 1-570] Preparing netlist for logic optimization
Parsing XDC File [/home/asanka/Documents/Vivado/motor_controller/motor_controller.srcs/constrs_1/imports/Downloads/pins.xdc]
Finished Parsing XDC File [/home/asanka/Documents/Vivado/motor_controller/motor_controller.srcs/constrs_1/imports/Downloads/pins.xdc]
INFO: [Opt 31-138] Pushed 0 inverter(s) to 0 load pin(s).
Netlist sorting complete. Time (s): cpu = 00:00:00 ; elapsed = 00:00:00 . Memory (MB): peak = 1943.121 ; gain = 0.000 ; free physical = 860 ; free virtual = 6993
INFO: [Project 1-111] Unisim Transformation Summary:
No Unisim elements were transformed.

8 Infos, 0 Warnings, 0 Critical Warnings and 0 Errors encountered.
link_design completed successfully
link_design: Time (s): cpu = 00:00:06 ; elapsed = 00:00:06 . Memory (MB): peak = 1949.059 ; gain = 534.738 ; free physical = 860 ; free virtual = 6993
Command: opt_design
Attempting to get a license for feature 'Implementation' and/or device 'xc7z007s'
INFO: [Common 17-349] Got license for feature 'Implementation' and/or device 'xc7z007s'
Running DRC as a precondition to command opt_design

Starting DRC Task
INFO: [DRC 23-27] Running DRC with 8 threads
INFO: [Project 1-461] DRC finished with 0 Errors
INFO: [Project 1-462] Please refer to the DRC report (report_drc) for more information.

Time (s): cpu = 00:00:01 ; elapsed = 00:00:00.97 . Memory (MB): peak = 2037.871 ; gain = 88.812 ; free physical = 836 ; free virtual = 6969

Starting Cache Timing Information Task
INFO: [Timing 38-35] Done setting XDC timing constraints.
Ending Cache Timing Information Task | Checksum: 28f0df095

Time (s): cpu = 00:00:07 ; elapsed = 00:00:07 . Memory (MB): peak = 2493.652 ; gain = 455.781 ; free physical = 395 ; free virtual = 6542

Starting Logic Optimization Task

Phase 1 Initialization

Phase 1.1 Core Generation And Design Setup
Phase 1.1 Core Generation And Design Setup | Checksum: 28f0df095

Time (s): cpu = 00:00:00 ; elapsed = 00:00:00.01 . Memory (MB): peak = 2805.574 ; gain = 0.000 ; free physical = 137 ; free virtual = 6243

Phase 1.2 Setup Constraints And Sort Netlist
Phase 1.2 Setup Constraints And Sort Netlist | Checksum: 28f0df095

Time (s): cpu = 00:00:00 ; elapsed = 00:00:00.01 . Memory (MB): peak = 2805.574 ; gain = 0.000 ; free physical = 137 ; free virtual = 6243
Phase 1 Initialization | Checksum: 28f0df095

Time (s): cpu = 00:00:00 ; elapsed = 00:00:00.01 . Memory (MB): peak = 2805.574 ; gain = 0.000 ; free physical = 137 ; free virtual = 6243

Phase 2 Timer Update And Timing Data Collection

Phase 2.1 Timer Update
Phase 2.1 Timer Update | Checksum: 28f0df095

Time (s): cpu = 00:00:00.02 ; elapsed = 00:00:00.02 . Memory (MB): peak = 2805.574 ; gain = 0.000 ; free physical = 137 ; free virtual = 6243

Phase 2.2 Timing Data Collection
Phase 2.2 Timing Data Collection | Checksum: 28f0df095

Time (s): cpu = 00:00:00.02 ; elapsed = 00:00:00.03 . Memory (MB): peak = 2805.574 ; gain = 0.000 ; free physical = 137 ; free virtual = 6243
Phase 2 Timer Update And Timing Data Collection | Checksum: 28f0df095

Time (s): cpu = 00:00:00.02 ; elapsed = 00:00:00.03 . Memory (MB): peak = 2805.574 ; gain = 0.000 ; free physical = 137 ; free virtual = 6243

Phase 3 Retarget
INFO: [Opt 31-1834] Total Chains To Be Transformed Were: 0 AND Number of Transformed insts Created are: 0
INFO: [Opt 31-138] Pushed 0 inverter(s) to 0 load pin(s).
INFO: [Opt 31-49] Retargeted 0 cell(s).
Phase 3 Retarget | Checksum: 28f0df095

Time (s): cpu = 00:00:00.03 ; elapsed = 00:00:00.04 . Memory (MB): peak = 2805.574 ; gain = 0.000 ; free physical = 137 ; free virtual = 6243
Retarget | Checksum: 28f0df095
INFO: [Opt 31-389] Phase Retarget created 0 cells and removed 0 cells

Phase 4 Constant propagation
INFO: [Opt 31-138] Pushed 0 inverter(s) to 0 load pin(s).
Phase 4 Constant propagation | Checksum: 28f0df095

Time (s): cpu = 00:00:00.03 ; elapsed = 00:00:00.04 . Memory (MB): peak = 2805.574 ; gain = 0.000 ; free physical = 137 ; free virtual = 6243
Constant propagation | Checksum: 28f0df095
INFO: [Opt 31-389] Phase Constant propagation created 0 cells and removed 0 cells

Phase 5 Sweep
Phase 5 Sweep | Checksum: 1ca016df3

Time (s): cpu = 00:00:00.03 ; elapsed = 00:00:00.04 . Memory (MB): peak = 2805.574 ; gain = 0.000 ; free physical = 137 ; free virtual = 6243
Sweep | Checksum: 1ca016df3
INFO: [Opt 31-389] Phase Sweep created 0 cells and removed 0 cells

Phase 6 BUFG optimization
Phase 6 BUFG optimization | Checksum: 1ca016df3

Time (s): cpu = 00:00:00.04 ; elapsed = 00:00:00.05 . Memory (MB): peak = 2805.574 ; gain = 0.000 ; free physical = 137 ; free virtual = 6243
BUFG optimization | Checksum: 1ca016df3
INFO: [Opt 31-662] Phase BUFG optimization created 0 cells of which 0 are BUFGs and removed 0 cells.

Phase 7 Shift Register Optimization
INFO: [Opt 31-1064] SRL Remap converted 0 SRLs to 0 registers and converted 0 registers of register chains to 0 SRLs
Phase 7 Shift Register Optimization | Checksum: 1ca016df3

Time (s): cpu = 00:00:00.04 ; elapsed = 00:00:00.05 . Memory (MB): peak = 2805.574 ; gain = 0.000 ; free physical = 137 ; free virtual = 6243
Shift Register Optimization | Checksum: 1ca016df3
INFO: [Opt 31-389] Phase Shift Register Optimization created 0 cells and removed 0 cells

Phase 8 Post Processing Netlist
Phase 8 Post Processing Netlist | Checksum: 1ca016df3

Time (s): cpu = 00:00:00.04 ; elapsed = 00:00:00.05 . Memory (MB): peak = 2805.574 ; gain = 0.000 ; free physical = 137 ; free virtual = 6243
Post Processing Netlist | Checksum: 1ca016df3
INFO: [Opt 31-389] Phase Post Processing Netlist created 0 cells and removed 0 cells

Phase 9 Finalization

Phase 9.1 Finalizing Design Cores and Updating Shapes
Phase 9.1 Finalizing Design Cores and Updating Shapes | Checksum: 2f0e0dfd9

Time (s): cpu = 00:00:00.05 ; elapsed = 00:00:00.06 . Memory (MB): peak = 2805.574 ; gain = 0.000 ; free physical = 137 ; free virtual = 6243

Phase 9.2 Verifying Netlist Connectivity

Starting Connectivity Check Task

Time (s): cpu = 00:00:00 ; elapsed = 00:00:00 . Memory (MB): peak = 2805.574 ; gain = 0.000 ; free physical = 137 ; free virtual = 6243
Phase 9.2 Verifying Netlist Connectivity | Checksum: 2f0e0dfd9

Time (s): cpu = 00:00:00.05 ; elapsed = 00:00:00.06 . Memory (MB): peak = 2805.574 ; gain = 0.000 ; free physical = 137 ; free virtual = 6243
Phase 9 Finalization | Checksum: 2f0e0dfd9

Time (s): cpu = 00:00:00.05 ; elapsed = 00:00:00.06 . Memory (MB): peak = 2805.574 ; gain = 0.000 ; free physical = 137 ; free virtual = 6243
Opt_design Change Summary
=========================


-------------------------------------------------------------------------------------------------------------------------
|  Phase                        |  #Cells created  |  #Cells Removed  |  #Constrained objects preventing optimizations  |
-------------------------------------------------------------------------------------------------------------------------
|  Retarget                     |               0  |               0  |                                              0  |
|  Constant propagation         |               0  |               0  |                                              0  |
|  Sweep                        |               0  |               0  |                                              0  |
|  BUFG optimization            |               0  |               0  |                                              0  |
|  Shift Register Optimization  |               0  |               0  |                                              0  |
|  Post Processing Netlist      |               0  |               0  |                                              0  |
-------------------------------------------------------------------------------------------------------------------------


Ending Logic Optimization Task | Checksum: 2f0e0dfd9

Time (s): cpu = 00:00:00.05 ; elapsed = 00:00:00.06 . Memory (MB): peak = 2805.574 ; gain = 0.000 ; free physical = 137 ; free virtual = 6243

Starting Power Optimization Task
INFO: [Pwropt 34-132] Skipping clock gating for clocks with a period < 2.00 ns.
Ending Power Optimization Task | Checksum: 2f0e0dfd9

Time (s): cpu = 00:00:00.01 ; elapsed = 00:00:00.01 . Memory (MB): peak = 2805.574 ; gain = 0.000 ; free physical = 137 ; free virtual = 6243

Starting Final Cleanup Task
Ending Final Cleanup Task | Checksum: 2f0e0dfd9

Time (s): cpu = 00:00:00 ; elapsed = 00:00:00 . Memory (MB): peak = 2805.574 ; gain = 0.000 ; free physical = 137 ; free virtual = 6243

Starting Netlist Obfuscation Task
Netlist sorting complete. Time (s): cpu = 00:00:00 ; elapsed = 00:00:00 . Memory (MB): peak = 2805.574 ; gain = 0.000 ; free physical = 137 ; free virtual = 6243
Ending Netlist Obfuscation Task | Checksum: 2f0e0dfd9

Time (s): cpu = 00:00:00 ; elapsed = 00:00:00 . Memory (MB): peak = 2805.574 ; gain = 0.000 ; free physical = 137 ; free virtual = 6243
INFO: [Common 17-83] Releasing license: Implementation
26 Infos, 0 Warnings, 0 Critical Warnings and 0 Errors encountered.
opt_design completed successfully
opt_design: Time (s): cpu = 00:00:11 ; elapsed = 00:00:11 . Memory (MB): peak = 2805.574 ; gain = 856.516 ; free physical = 137 ; free virtual = 6243
INFO: [Vivado 12-24828] Executing command : report_drc -file motor_controller_drc_opted.rpt -pb motor_controller_drc_opted.pb -rpx motor_controller_drc_opted.rpx
Command: report_drc -file motor_controller_drc_opted.rpt -pb motor_controller_drc_opted.pb -rpx motor_controller_drc_opted.rpx
INFO: [IP_Flow 19-234] Refreshing IP repositories
INFO: [IP_Flow 19-1704] No user IP repositories specified
INFO: [IP_Flow 19-2313] Loaded Vivado IP repository '/media/asanka/External/Vivado/Vivado/2024.1/data/ip'.
INFO: [DRC 23-27] Running DRC with 8 threads
INFO: [Vivado_Tcl 2-168] The results of DRC are in file /home/asanka/Documents/Vivado/motor_controller/motor_controller.runs/impl_1/motor_controller_drc_opted.rpt.
report_drc completed successfully
INFO: [Timing 38-480] Writing timing data to binary archive.
Write ShapeDB Complete: Time (s): cpu = 00:00:00 ; elapsed = 00:00:00 . Memory (MB): peak = 2869.605 ; gain = 0.000 ; free physical = 144 ; free virtual = 6252
Wrote PlaceDB: Time (s): cpu = 00:00:00.01 ; elapsed = 00:00:00 . Memory (MB): peak = 2869.605 ; gain = 0.000 ; free physical = 144 ; free virtual = 6252
Wrote PulsedLatchDB: Time (s): cpu = 00:00:00 ; elapsed = 00:00:00 . Memory (MB): peak = 2869.605 ; gain = 0.000 ; free physical = 144 ; free virtual = 6252
Writing XDEF routing.
Writing XDEF routing logical nets.
Writing XDEF routing special nets.
Wrote RouteStorage: Time (s): cpu = 00:00:00.04 ; elapsed = 00:00:00.02 . Memory (MB): peak = 2869.605 ; gain = 0.000 ; free physical = 141 ; free virtual = 6249
Wrote Netlist Cache: Time (s): cpu = 00:00:00 ; elapsed = 00:00:00 . Memory (MB): peak = 2869.605 ; gain = 0.000 ; free physical = 141 ; free virtual = 6249
Wrote Device Cache: Time (s): cpu = 00:00:00.01 ; elapsed = 00:00:00.01 . Memory (MB): peak = 2869.605 ; gain = 0.000 ; free physical = 140 ; free virtual = 6248
Write Physdb Complete: Time (s): cpu = 00:00:00.08 ; elapsed = 00:00:00.04 . Memory (MB): peak = 2869.605 ; gain = 0.000 ; free physical = 140 ; free virtual = 6248
INFO: [Common 17-1381] The checkpoint '/home/asanka/Documents/Vivado/motor_controller/motor_controller.runs/impl_1/motor_controller_opt.dcp' has been generated.
Command: place_design
Attempting to get a license for feature 'Implementation' and/or device 'xc7z007s'
INFO: [Common 17-349] Got license for feature 'Implementation' and/or device 'xc7z007s'
INFO: [Common 17-83] Releasing license: Implementation
INFO: [DRC 23-27] Running DRC with 8 threads
INFO: [Vivado_Tcl 4-198] DRC finished with 0 Errors
INFO: [Vivado_Tcl 4-199] Please refer to the DRC report (report_drc) for more information.
Running DRC as a precondition to command place_design
INFO: [DRC 23-27] Running DRC with 8 threads
INFO: [Vivado_Tcl 4-198] DRC finished with 0 Errors
INFO: [Vivado_Tcl 4-199] Please refer to the DRC report (report_drc) for more information.
INFO: [Place 30-611] Multithreading enabled for place_design using a maximum of 8 CPUs

Starting Placer Task

Phase 1 Placer Initialization

Phase 1.1 Placer Initialization Netlist Sorting
Netlist sorting complete. Time (s): cpu = 00:00:00 ; elapsed = 00:00:00 . Memory (MB): peak = 2869.605 ; gain = 0.000 ; free physical = 237 ; free virtual = 6227
Phase 1.1 Placer Initialization Netlist Sorting | Checksum: 234ff3e62

Time (s): cpu = 00:00:00 ; elapsed = 00:00:00.02 . Memory (MB): peak = 2869.605 ; gain = 0.000 ; free physical = 237 ; free virtual = 6227
Netlist sorting complete. Time (s): cpu = 00:00:00 ; elapsed = 00:00:00 . Memory (MB): peak = 2869.605 ; gain = 0.000 ; free physical = 237 ; free virtual = 6227

Phase 1.2 IO Placement/ Clock Placement/ Build Placer Device
INFO: [Timing 38-35] Done setting XDC timing constraints.
Phase 1.2 IO Placement/ Clock Placement/ Build Placer Device | Checksum: d7691bd9

Time (s): cpu = 00:00:00.34 ; elapsed = 00:00:00.34 . Memory (MB): peak = 2869.605 ; gain = 0.000 ; free physical = 218 ; free virtual = 6212

Phase 1.3 Build Placer Netlist Model
Phase 1.3 Build Placer Netlist Model | Checksum: 1022b8843

Time (s): cpu = 00:00:00.9 ; elapsed = 00:00:00.6 . Memory (MB): peak = 2869.605 ; gain = 0.000 ; free physical = 217 ; free virtual = 6211

Phase 1.4 Constrain Clocks/Macros
Phase 1.4 Constrain Clocks/Macros | Checksum: 1022b8843

Time (s): cpu = 00:00:00.92 ; elapsed = 00:00:00.62 . Memory (MB): peak = 2869.605 ; gain = 0.000 ; free physical = 217 ; free virtual = 6212
Phase 1 Placer Initialization | Checksum: 1022b8843

Time (s): cpu = 00:00:00.92 ; elapsed = 00:00:00.64 . Memory (MB): peak = 2869.605 ; gain = 0.000 ; free physical = 217 ; free virtual = 6212

Phase 2 Global Placement

Phase 2.1 Floorplanning
Phase 2.1 Floorplanning | Checksum: 19424b8c5

Time (s): cpu = 00:00:02 ; elapsed = 00:00:00.78 . Memory (MB): peak = 2869.605 ; gain = 0.000 ; free physical = 220 ; free virtual = 6215

Phase 2.2 Update Timing before SLR Path Opt
Phase 2.2 Update Timing before SLR Path Opt | Checksum: 13cd41d55

Time (s): cpu = 00:00:02 ; elapsed = 00:00:00.8 . Memory (MB): peak = 2869.605 ; gain = 0.000 ; free physical = 220 ; free virtual = 6215

Phase 2.3 Post-Processing in Floorplanning
Phase 2.3 Post-Processing in Floorplanning | Checksum: 13cd41d55

Time (s): cpu = 00:00:02 ; elapsed = 00:00:00.8 . Memory (MB): peak = 2869.605 ; gain = 0.000 ; free physical = 220 ; free virtual = 6215

Phase 2.4 Global Placement Core

Phase 2.4.1 UpdateTiming Before Physical Synthesis
Phase 2.4.1 UpdateTiming Before Physical Synthesis | Checksum: e6b8d315

Time (s): cpu = 00:00:04 ; elapsed = 00:00:01 . Memory (MB): peak = 2869.605 ; gain = 0.000 ; free physical = 228 ; free virtual = 6224

Phase 2.4.2 Physical Synthesis In Placer
INFO: [Physopt 32-1035] Found 0 LUTNM shape to break, 2 LUT instances to create LUTNM shape
INFO: [Physopt 32-1044] Break lutnm for timing: one critical 0, two critical 0, total 0, new lutff created 0
INFO: [Physopt 32-1138] End 1 Pass. Optimized 1 net or LUT. Breaked 0 LUT, combined 1 existing LUT and moved 0 existing LUT
INFO: [Physopt 32-65] No nets found for high-fanout optimization.
INFO: [Physopt 32-232] Optimized 0 net. Created 0 new instance.
INFO: [Physopt 32-775] End 1 Pass. Optimized 0 net or cell. Created 0 new cell, deleted 0 existing cell and moved 0 existing cell
INFO: [Physopt 32-670] No setup violation found.  DSP Register Optimization was not performed.
INFO: [Physopt 32-670] No setup violation found.  Shift Register to Pipeline Optimization was not performed.
INFO: [Physopt 32-670] No setup violation found.  Shift Register Optimization was not performed.
INFO: [Physopt 32-670] No setup violation found.  BRAM Register Optimization was not performed.
INFO: [Physopt 32-670] No setup violation found.  URAM Register Optimization was not performed.
INFO: [Physopt 32-949] No candidate nets found for dynamic/static region interface net replication
INFO: [Physopt 32-775] End 1 Pass. Optimized 0 net or cell. Created 0 new cell, deleted 0 existing cell and moved 0 existing cell
Netlist sorting complete. Time (s): cpu = 00:00:00 ; elapsed = 00:00:00 . Memory (MB): peak = 2869.605 ; gain = 0.000 ; free physical = 226 ; free virtual = 6221

Summary of Physical Synthesis Optimizations
============================================


-----------------------------------------------------------------------------------------------------------------------------------------------------------
|  Optimization                                     |  Added Cells  |  Removed Cells  |  Optimized Cells/Nets  |  Dont Touch  |  Iterations  |  Elapsed   |
-----------------------------------------------------------------------------------------------------------------------------------------------------------
|  LUT Combining                                    |            0  |              1  |                     1  |           0  |           1  |  00:00:00  |
|  Retime                                           |            0  |              0  |                     0  |           0  |           1  |  00:00:00  |
|  Very High Fanout                                 |            0  |              0  |                     0  |           0  |           1  |  00:00:00  |
|  DSP Register                                     |            0  |              0  |                     0  |           0  |           0  |  00:00:00  |
|  Shift Register to Pipeline                       |            0  |              0  |                     0  |           0  |           0  |  00:00:00  |
|  Shift Register                                   |            0  |              0  |                     0  |           0  |           0  |  00:00:00  |
|  BRAM Register                                    |            0  |              0  |                     0  |           0  |           0  |  00:00:00  |
|  URAM Register                                    |            0  |              0  |                     0  |           0  |           0  |  00:00:00  |
|  Dynamic/Static Region Interface Net Replication  |            0  |              0  |                     0  |           0  |           1  |  00:00:00  |
|  Total                                            |            0  |              1  |                     1  |           0  |           4  |  00:00:00  |
-----------------------------------------------------------------------------------------------------------------------------------------------------------


Phase 2.4.2 Physical Synthesis In Placer | Checksum: 13053f9a6

Time (s): cpu = 00:00:05 ; elapsed = 00:00:02 . Memory (MB): peak = 2869.605 ; gain = 0.000 ; free physical = 226 ; free virtual = 6221
Phase 2.4 Global Placement Core | Checksum: 17a0ba9f7

Time (s): cpu = 00:00:05 ; elapsed = 00:00:02 . Memory (MB): peak = 2869.605 ; gain = 0.000 ; free physical = 226 ; free virtual = 6221
Phase 2 Global Placement | Checksum: 17a0ba9f7

Time (s): cpu = 00:00:05 ; elapsed = 00:00:02 . Memory (MB): peak = 2869.605 ; gain = 0.000 ; free physical = 226 ; free virtual = 6221

Phase 3 Detail Placement

Phase 3.1 Commit Multi Column Macros
Phase 3.1 Commit Multi Column Macros | Checksum: 150aa351f

Time (s): cpu = 00:00:05 ; elapsed = 00:00:02 . Memory (MB): peak = 2869.605 ; gain = 0.000 ; free physical = 226 ; free virtual = 6221

Phase 3.2 Commit Most Macros & LUTRAMs
Phase 3.2 Commit Most Macros & LUTRAMs | Checksum: 1db9014ed

Time (s): cpu = 00:00:06 ; elapsed = 00:00:02 . Memory (MB): peak = 2869.605 ; gain = 0.000 ; free physical = 226 ; free virtual = 6221

Phase 3.3 Area Swap Optimization
Phase 3.3 Area Swap Optimization | Checksum: 19a19c1bc

Time (s): cpu = 00:00:06 ; elapsed = 00:00:02 . Memory (MB): peak = 2869.605 ; gain = 0.000 ; free physical = 226 ; free virtual = 6221

Phase 3.4 Pipeline Register Optimization
Phase 3.4 Pipeline Register Optimization | Checksum: 1cf66f1d2

Time (s): cpu = 00:00:06 ; elapsed = 00:00:02 . Memory (MB): peak = 2869.605 ; gain = 0.000 ; free physical = 226 ; free virtual = 6221

Phase 3.5 Small Shape Detail Placement
Phase 3.5 Small Shape Detail Placement | Checksum: 17509f9e4

Time (s): cpu = 00:00:06 ; elapsed = 00:00:02 . Memory (MB): peak = 2869.605 ; gain = 0.000 ; free physical = 225 ; free virtual = 6221

Phase 3.6 Re-assign LUT pins
Phase 3.6 Re-assign LUT pins | Checksum: 1dbb9ba0f

Time (s): cpu = 00:00:06 ; elapsed = 00:00:02 . Memory (MB): peak = 2869.605 ; gain = 0.000 ; free physical = 225 ; free virtual = 6221

Phase 3.7 Pipeline Register Optimization
Phase 3.7 Pipeline Register Optimization | Checksum: 19066aa25

Time (s): cpu = 00:00:06 ; elapsed = 00:00:02 . Memory (MB): peak = 2869.605 ; gain = 0.000 ; free physical = 225 ; free virtual = 6221
Phase 3 Detail Placement | Checksum: 19066aa25

Time (s): cpu = 00:00:06 ; elapsed = 00:00:02 . Memory (MB): peak = 2869.605 ; gain = 0.000 ; free physical = 225 ; free virtual = 6221

Phase 4 Post Placement Optimization and Clean-Up

Phase 4.1 Post Commit Optimization
INFO: [Timing 38-35] Done setting XDC timing constraints.

Phase 4.1.1 Post Placement Optimization
Post Placement Optimization Initialization | Checksum: 21e45dafe

Phase 4.1.1.1 BUFG Insertion

Starting Physical Synthesis Task

Phase 1 Physical Synthesis Initialization
INFO: [Physopt 32-721] Multithreading enabled for phys_opt_design using a maximum of 8 CPUs
INFO: [Physopt 32-619] Estimated Timing Summary | WNS=4.270 | TNS=0.000 |
Phase 1 Physical Synthesis Initialization | Checksum: 186377dc1

Time (s): cpu = 00:00:00.08 ; elapsed = 00:00:00.01 . Memory (MB): peak = 2869.605 ; gain = 0.000 ; free physical = 225 ; free virtual = 6221
INFO: [Place 46-56] BUFG insertion identified 0 candidate nets. Inserted BUFG: 0, Replicated BUFG Driver: 0, Skipped due to Placement/Routing Conflicts: 0, Skipped due to Timing Degradation: 0, Skipped due to netlist editing failed: 0.
Ending Physical Synthesis Task | Checksum: 28b94d714

Time (s): cpu = 00:00:00.08 ; elapsed = 00:00:00.01 . Memory (MB): peak = 2869.605 ; gain = 0.000 ; free physical = 225 ; free virtual = 6221
Phase 4.1.1.1 BUFG Insertion | Checksum: 21e45dafe

Time (s): cpu = 00:00:06 ; elapsed = 00:00:02 . Memory (MB): peak = 2869.605 ; gain = 0.000 ; free physical = 225 ; free virtual = 6221

Phase 4.1.1.2 Post Placement Timing Optimization
INFO: [Place 30-746] Post Placement Timing Summary WNS=4.270. For the most accurate timing information please run report_timing.
Phase 4.1.1.2 Post Placement Timing Optimization | Checksum: 1d350e969

Time (s): cpu = 00:00:06 ; elapsed = 00:00:02 . Memory (MB): peak = 2869.605 ; gain = 0.000 ; free physical = 225 ; free virtual = 6221

Time (s): cpu = 00:00:06 ; elapsed = 00:00:02 . Memory (MB): peak = 2869.605 ; gain = 0.000 ; free physical = 225 ; free virtual = 6221
Phase 4.1 Post Commit Optimization | Checksum: 1d350e969

Time (s): cpu = 00:00:06 ; elapsed = 00:00:02 . Memory (MB): peak = 2869.605 ; gain = 0.000 ; free physical = 225 ; free virtual = 6221

Phase 4.2 Post Placement Cleanup
Phase 4.2 Post Placement Cleanup | Checksum: 1d350e969

Time (s): cpu = 00:00:06 ; elapsed = 00:00:02 . Memory (MB): peak = 2869.605 ; gain = 0.000 ; free physical = 225 ; free virtual = 6221

Phase 4.3 Placer Reporting

Phase 4.3.1 Print Estimated Congestion
INFO: [Place 30-612] Post-Placement Estimated Congestion 
 ____________________________________________________
|           | Global Congestion | Short Congestion  |
| Direction | Region Size       | Region Size       |
|___________|___________________|___________________|
|      North|                1x1|                1x1|
|___________|___________________|___________________|
|      South|                1x1|                1x1|
|___________|___________________|___________________|
|       East|                1x1|                1x1|
|___________|___________________|___________________|
|       West|                1x1|                1x1|
|___________|___________________|___________________|

Phase 4.3.1 Print Estimated Congestion | Checksum: 1d350e969

Time (s): cpu = 00:00:06 ; elapsed = 00:00:02 . Memory (MB): peak = 2869.605 ; gain = 0.000 ; free physical = 225 ; free virtual = 6221
Phase 4.3 Placer Reporting | Checksum: 1d350e969

Time (s): cpu = 00:00:06 ; elapsed = 00:00:02 . Memory (MB): peak = 2869.605 ; gain = 0.000 ; free physical = 225 ; free virtual = 6221

Phase 4.4 Final Placement Cleanup
Netlist sorting complete. Time (s): cpu = 00:00:00 ; elapsed = 00:00:00 . Memory (MB): peak = 2869.605 ; gain = 0.000 ; free physical = 225 ; free virtual = 6221

Time (s): cpu = 00:00:06 ; elapsed = 00:00:02 . Memory (MB): peak = 2869.605 ; gain = 0.000 ; free physical = 225 ; free virtual = 6221
Phase 4 Post Placement Optimization and Clean-Up | Checksum: 187ee6257

Time (s): cpu = 00:00:06 ; elapsed = 00:00:02 . Memory (MB): peak = 2869.605 ; gain = 0.000 ; free physical = 225 ; free virtual = 6221
Ending Placer Task | Checksum: 18450ae8b

Time (s): cpu = 00:00:07 ; elapsed = 00:00:02 . Memory (MB): peak = 2869.605 ; gain = 0.000 ; free physical = 225 ; free virtual = 6221
63 Infos, 0 Warnings, 0 Critical Warnings and 0 Errors encountered.
place_design completed successfully
INFO: [Vivado 12-24838] Running report commands "report_control_sets, report_io, report_utilization" in parallel.
Running report generation with 3 threads.
INFO: [Vivado 12-24828] Executing command : report_control_sets -verbose -file motor_controller_control_sets_placed.rpt
report_control_sets: Time (s): cpu = 00:00:00.04 ; elapsed = 00:00:00.06 . Memory (MB): peak = 2869.605 ; gain = 0.000 ; free physical = 207 ; free virtual = 6202
INFO: [Vivado 12-24828] Executing command : report_utilization -file motor_controller_utilization_placed.rpt -pb motor_controller_utilization_placed.pb
INFO: [Vivado 12-24828] Executing command : report_io -file motor_controller_io_placed.rpt
report_io: Time (s): cpu = 00:00:00.2 ; elapsed = 00:00:00.2 . Memory (MB): peak = 2869.605 ; gain = 0.000 ; free physical = 191 ; free virtual = 6188
INFO: [Timing 38-480] Writing timing data to binary archive.
Write ShapeDB Complete: Time (s): cpu = 00:00:00 ; elapsed = 00:00:00.01 . Memory (MB): peak = 2869.605 ; gain = 0.000 ; free physical = 196 ; free virtual = 6193
Wrote PlaceDB: Time (s): cpu = 00:00:00.03 ; elapsed = 00:00:00.02 . Memory (MB): peak = 2869.605 ; gain = 0.000 ; free physical = 196 ; free virtual = 6193
Wrote PulsedLatchDB: Time (s): cpu = 00:00:00 ; elapsed = 00:00:00 . Memory (MB): peak = 2869.605 ; gain = 0.000 ; free physical = 196 ; free virtual = 6193
Writing XDEF routing.
Writing XDEF routing logical nets.
Writing XDEF routing special nets.
Wrote RouteStorage: Time (s): cpu = 00:00:00.05 ; elapsed = 00:00:00.02 . Memory (MB): peak = 2869.605 ; gain = 0.000 ; free physical = 196 ; free virtual = 6193
Wrote Netlist Cache: Time (s): cpu = 00:00:00 ; elapsed = 00:00:00 . Memory (MB): peak = 2869.605 ; gain = 0.000 ; free physical = 196 ; free virtual = 6193
Wrote Device Cache: Time (s): cpu = 00:00:00.02 ; elapsed = 00:00:00.01 . Memory (MB): peak = 2869.605 ; gain = 0.000 ; free physical = 196 ; free virtual = 6194
Write Physdb Complete: Time (s): cpu = 00:00:00.11 ; elapsed = 00:00:00.06 . Memory (MB): peak = 2869.605 ; gain = 0.000 ; free physical = 196 ; free virtual = 6194
INFO: [Common 17-1381] The checkpoint '/home/asanka/Documents/Vivado/motor_controller/motor_controller.runs/impl_1/motor_controller_placed.dcp' has been generated.
Command: phys_opt_design
Attempting to get a license for feature 'Implementation' and/or device 'xc7z007s'
INFO: [Common 17-349] Got license for feature 'Implementation' and/or device 'xc7z007s'

Starting Initial Update Timing Task

Time (s): cpu = 00:00:00.06 ; elapsed = 00:00:00.07 . Memory (MB): peak = 2869.605 ; gain = 0.000 ; free physical = 179 ; free virtual = 6178
INFO: [Vivado_Tcl 4-2279] Estimated Timing Summary | WNS= 4.270 | TNS= 0.000 | 
INFO: [Vivado_Tcl 4-383] Design worst setup slack (WNS) is greater than or equal to 0.000 ns. All physical synthesis setup optimizations will be skipped.
INFO: [Vivado_Tcl 4-232] No setup violation found. The netlist was not modified.
INFO: [Common 17-83] Releasing license: Implementation
74 Infos, 0 Warnings, 0 Critical Warnings and 0 Errors encountered.
phys_opt_design completed successfully
INFO: [Timing 38-480] Writing timing data to binary archive.
Write ShapeDB Complete: Time (s): cpu = 00:00:00 ; elapsed = 00:00:00 . Memory (MB): peak = 2869.605 ; gain = 0.000 ; free physical = 177 ; free virtual = 6177
Wrote PlaceDB: Time (s): cpu = 00:00:00.03 ; elapsed = 00:00:00.02 . Memory (MB): peak = 2869.605 ; gain = 0.000 ; free physical = 169 ; free virtual = 6168
Wrote PulsedLatchDB: Time (s): cpu = 00:00:00 ; elapsed = 00:00:00 . Memory (MB): peak = 2869.605 ; gain = 0.000 ; free physical = 169 ; free virtual = 6168
Writing XDEF routing.
Writing XDEF routing logical nets.
Writing XDEF routing special nets.
Wrote RouteStorage: Time (s): cpu = 00:00:00.05 ; elapsed = 00:00:00.03 . Memory (MB): peak = 2869.605 ; gain = 0.000 ; free physical = 166 ; free virtual = 6167
Wrote Netlist Cache: Time (s): cpu = 00:00:00 ; elapsed = 00:00:00 . Memory (MB): peak = 2869.605 ; gain = 0.000 ; free physical = 166 ; free virtual = 6167
Wrote Device Cache: Time (s): cpu = 00:00:00.03 ; elapsed = 00:00:00.01 . Memory (MB): peak = 2869.605 ; gain = 0.000 ; free physical = 166 ; free virtual = 6167
Write Physdb Complete: Time (s): cpu = 00:00:00.11 ; elapsed = 00:00:00.06 . Memory (MB): peak = 2869.605 ; gain = 0.000 ; free physical = 166 ; free virtual = 6167
INFO: [Common 17-1381] The checkpoint '/home/asanka/Documents/Vivado/motor_controller/motor_controller.runs/impl_1/motor_controller_physopt.dcp' has been generated.
Command: route_design
Attempting to get a license for feature 'Implementation' and/or device 'xc7z007s'
INFO: [Common 17-349] Got license for feature 'Implementation' and/or device 'xc7z007s'
Running DRC as a precondition to command route_design
INFO: [DRC 23-27] Running DRC with 8 threads
INFO: [Vivado_Tcl 4-198] DRC finished with 0 Errors
INFO: [Vivado_Tcl 4-199] Please refer to the DRC report (report_drc) for more information.


Starting Routing Task
INFO: [Route 35-254] Multithreading enabled for route_design using a maximum of 8 CPUs

Phase 1 Build RT Design
Checksum: PlaceDB: ae100ebc ConstDB: 0 ShapeSum: 3060afd7 RouteDB: a5dfeff8
Post Restoration Checksum: NetGraph: 87fff126 | NumContArr: 2ef6cb14 | Constraints: c2a8fa9d | Timing: c2a8fa9d
Phase 1 Build RT Design | Checksum: 23c48b174

Time (s): cpu = 00:00:11 ; elapsed = 00:00:10 . Memory (MB): peak = 2902.016 ; gain = 3.984 ; free physical = 160 ; free virtual = 6061

Phase 2 Router Initialization

Phase 2.1 Fix Topology Constraints
Phase 2.1 Fix Topology Constraints | Checksum: 23c48b174

Time (s): cpu = 00:00:11 ; elapsed = 00:00:10 . Memory (MB): peak = 2902.016 ; gain = 3.984 ; free physical = 160 ; free virtual = 6061

Phase 2.2 Pre Route Cleanup
Phase 2.2 Pre Route Cleanup | Checksum: 23c48b174

Time (s): cpu = 00:00:11 ; elapsed = 00:00:10 . Memory (MB): peak = 2902.016 ; gain = 3.984 ; free physical = 160 ; free virtual = 6061
 Number of Nodes with overlaps = 0

Phase 2.3 Update Timing
Phase 2.3 Update Timing | Checksum: 2045eb678

Time (s): cpu = 00:00:11 ; elapsed = 00:00:10 . Memory (MB): peak = 2930.078 ; gain = 32.047 ; free physical = 247 ; free virtual = 6035
INFO: [Route 35-416] Intermediate Timing Summary | WNS=4.163  | TNS=0.000  | WHS=-0.067 | THS=-0.447 |


Router Utilization Summary
  Global Vertical Routing Utilization    = 0.000844595 %
  Global Horizontal Routing Utilization  = 0.00137868 %
  Routable Net Status*
  *Does not include unroutable nets such as driverless and loadless.
  Run report_route_status for detailed report.
  Number of Failed Nets               = 119
    (Failed Nets is the sum of unrouted and partially routed nets)
  Number of Unrouted Nets             = 117
  Number of Partially Routed Nets     = 2
  Number of Node Overlaps             = 0

Phase 2 Router Initialization | Checksum: 20bbd8159

Time (s): cpu = 00:00:11 ; elapsed = 00:00:10 . Memory (MB): peak = 2930.078 ; gain = 32.047 ; free physical = 247 ; free virtual = 6035

Phase 3 Global Routing
Phase 3 Global Routing | Checksum: 20bbd8159

Time (s): cpu = 00:00:11 ; elapsed = 00:00:10 . Memory (MB): peak = 2930.078 ; gain = 32.047 ; free physical = 247 ; free virtual = 6035

Phase 4 Initial Routing

Phase 4.1 Initial Net Routing Pass
Phase 4.1 Initial Net Routing Pass | Checksum: 1ee9496d0

Time (s): cpu = 00:00:11 ; elapsed = 00:00:10 . Memory (MB): peak = 2930.078 ; gain = 32.047 ; free physical = 247 ; free virtual = 6035
Phase 4 Initial Routing | Checksum: 1ee9496d0

Time (s): cpu = 00:00:11 ; elapsed = 00:00:10 . Memory (MB): peak = 2930.078 ; gain = 32.047 ; free physical = 247 ; free virtual = 6035

Phase 5 Rip-up And Reroute

Phase 5.1 Global Iteration 0
 Number of Nodes with overlaps = 3
 Number of Nodes with overlaps = 1
 Number of Nodes with overlaps = 0
INFO: [Route 35-416] Intermediate Timing Summary | WNS=4.082  | TNS=0.000  | WHS=N/A    | THS=N/A    |

Phase 5.1 Global Iteration 0 | Checksum: 261ec2c93

Time (s): cpu = 00:00:12 ; elapsed = 00:00:10 . Memory (MB): peak = 2930.078 ; gain = 32.047 ; free physical = 243 ; free virtual = 6035
Phase 5 Rip-up And Reroute | Checksum: 261ec2c93

Time (s): cpu = 00:00:12 ; elapsed = 00:00:10 . Memory (MB): peak = 2930.078 ; gain = 32.047 ; free physical = 243 ; free virtual = 6035

Phase 6 Delay and Skew Optimization

Phase 6.1 Delay CleanUp
Phase 6.1 Delay CleanUp | Checksum: 261ec2c93

Time (s): cpu = 00:00:12 ; elapsed = 00:00:10 . Memory (MB): peak = 2930.078 ; gain = 32.047 ; free physical = 243 ; free virtual = 6035

Phase 6.2 Clock Skew Optimization
Phase 6.2 Clock Skew Optimization | Checksum: 261ec2c93

Time (s): cpu = 00:00:12 ; elapsed = 00:00:10 . Memory (MB): peak = 2930.078 ; gain = 32.047 ; free physical = 243 ; free virtual = 6035
Phase 6 Delay and Skew Optimization | Checksum: 261ec2c93

Time (s): cpu = 00:00:12 ; elapsed = 00:00:10 . Memory (MB): peak = 2930.078 ; gain = 32.047 ; free physical = 243 ; free virtual = 6035

Phase 7 Post Hold Fix

Phase 7.1 Hold Fix Iter
INFO: [Route 35-416] Intermediate Timing Summary | WNS=4.235  | TNS=0.000  | WHS=0.246  | THS=0.000  |

Phase 7.1 Hold Fix Iter | Checksum: 230978e5d

Time (s): cpu = 00:00:12 ; elapsed = 00:00:10 . Memory (MB): peak = 2930.078 ; gain = 32.047 ; free physical = 243 ; free virtual = 6035
Phase 7 Post Hold Fix | Checksum: 230978e5d

Time (s): cpu = 00:00:12 ; elapsed = 00:00:10 . Memory (MB): peak = 2930.078 ; gain = 32.047 ; free physical = 243 ; free virtual = 6035

Phase 8 Route finalize

Router Utilization Summary
  Global Vertical Routing Utilization    = 0.0292793 %
  Global Horizontal Routing Utilization  = 0.0199908 %
  Routable Net Status*
  *Does not include unroutable nets such as driverless and loadless.
  Run report_route_status for detailed report.
  Number of Failed Nets               = 0
    (Failed Nets is the sum of unrouted and partially routed nets)
  Number of Unrouted Nets             = 0
  Number of Partially Routed Nets     = 0
  Number of Node Overlaps             = 0

Phase 8 Route finalize | Checksum: 230978e5d

Time (s): cpu = 00:00:12 ; elapsed = 00:00:10 . Memory (MB): peak = 2930.078 ; gain = 32.047 ; free physical = 243 ; free virtual = 6035

Phase 9 Verifying routed nets

 Verification completed successfully
Phase 9 Verifying routed nets | Checksum: 230978e5d

Time (s): cpu = 00:00:12 ; elapsed = 00:00:10 . Memory (MB): peak = 2930.078 ; gain = 32.047 ; free physical = 243 ; free virtual = 6035

Phase 10 Depositing Routes
Phase 10 Depositing Routes | Checksum: 22ff43856

Time (s): cpu = 00:00:12 ; elapsed = 00:00:10 . Memory (MB): peak = 2930.078 ; gain = 32.047 ; free physical = 243 ; free virtual = 6035

Phase 11 Post Process Routing
Phase 11 Post Process Routing | Checksum: 22ff43856

Time (s): cpu = 00:00:12 ; elapsed = 00:00:10 . Memory (MB): peak = 2930.078 ; gain = 32.047 ; free physical = 243 ; free virtual = 6035

Phase 12 Post Router Timing
INFO: [Route 35-57] Estimated Timing Summary | WNS=4.235  | TNS=0.000  | WHS=0.246  | THS=0.000  |

INFO: [Route 35-327] The final timing numbers are based on the router estimated timing analysis. For a complete and accurate timing signoff, please run report_timing_summary.
Phase 12 Post Router Timing | Checksum: 22ff43856

Time (s): cpu = 00:00:12 ; elapsed = 00:00:10 . Memory (MB): peak = 2930.078 ; gain = 32.047 ; free physical = 243 ; free virtual = 6035
Total Elapsed time in route_design: 10.4 secs

Phase 13 Post-Route Event Processing
Phase 13 Post-Route Event Processing | Checksum: 1a5472acb

Time (s): cpu = 00:00:12 ; elapsed = 00:00:10 . Memory (MB): peak = 2930.078 ; gain = 32.047 ; free physical = 243 ; free virtual = 6035
INFO: [Route 35-16] Router Completed Successfully
Ending Routing Task | Checksum: 1a5472acb

Time (s): cpu = 00:00:12 ; elapsed = 00:00:10 . Memory (MB): peak = 2930.078 ; gain = 32.047 ; free physical = 243 ; free virtual = 6035

Routing Is Done.
INFO: [Common 17-83] Releasing license: Implementation
88 Infos, 0 Warnings, 0 Critical Warnings and 0 Errors encountered.
route_design completed successfully
route_design: Time (s): cpu = 00:00:13 ; elapsed = 00:00:11 . Memory (MB): peak = 2930.078 ; gain = 60.473 ; free physical = 243 ; free virtual = 6035
INFO: [Vivado 12-24828] Executing command : report_drc -file motor_controller_drc_routed.rpt -pb motor_controller_drc_routed.pb -rpx motor_controller_drc_routed.rpx
Command: report_drc -file motor_controller_drc_routed.rpt -pb motor_controller_drc_routed.pb -rpx motor_controller_drc_routed.rpx
INFO: [IP_Flow 19-1839] IP Catalog is up to date.
INFO: [DRC 23-27] Running DRC with 8 threads
INFO: [Vivado_Tcl 2-168] The results of DRC are in file /home/asanka/Documents/Vivado/motor_controller/motor_controller.runs/impl_1/motor_controller_drc_routed.rpt.
report_drc completed successfully
INFO: [Vivado 12-24828] Executing command : report_methodology -file motor_controller_methodology_drc_routed.rpt -pb motor_controller_methodology_drc_routed.pb -rpx motor_controller_methodology_drc_routed.rpx
Command: report_methodology -file motor_controller_methodology_drc_routed.rpt -pb motor_controller_methodology_drc_routed.pb -rpx motor_controller_methodology_drc_routed.rpx
INFO: [Timing 38-35] Done setting XDC timing constraints.
INFO: [DRC 23-133] Running Methodology with 8 threads
INFO: [Vivado_Tcl 2-1520] The results of Report Methodology are in file /home/asanka/Documents/Vivado/motor_controller/motor_controller.runs/impl_1/motor_controller_methodology_drc_routed.rpt.
report_methodology completed successfully
INFO: [Vivado 12-24828] Executing command : report_timing_summary -max_paths 10 -report_unconstrained -file motor_controller_timing_summary_routed.rpt -pb motor_controller_timing_summary_routed.pb -rpx motor_controller_timing_summary_routed.rpx -warn_on_violation 
INFO: [Timing 38-35] Done setting XDC timing constraints.
INFO: [Timing 38-91] UpdateTimingParams: Speed grade: -1, Delay Type: min_max.
INFO: [Timing 38-191] Multithreading enabled for timing update using a maximum of 8 CPUs
INFO: [Vivado 12-24838] Running report commands "report_bus_skew, report_incremental_reuse, report_route_status" in parallel.
Running report generation with 3 threads.
INFO: [Vivado 12-24828] Executing command : report_route_status -file motor_controller_route_status.rpt -pb motor_controller_route_status.pb
INFO: [Vivado 12-24828] Executing command : report_incremental_reuse -file motor_controller_incremental_reuse_routed.rpt
INFO: [Vivado_Tcl 4-1062] Incremental flow is disabled. No incremental reuse Info to report.
INFO: [Vivado 12-24828] Executing command : report_bus_skew -warn_on_violation -file motor_controller_bus_skew_routed.rpt -pb motor_controller_bus_skew_routed.pb -rpx motor_controller_bus_skew_routed.rpx
INFO: [Timing 38-91] UpdateTimingParams: Speed grade: -1, Delay Type: min_max.
INFO: [Timing 38-191] Multithreading enabled for timing update using a maximum of 8 CPUs
INFO: [Vivado 12-24828] Executing command : report_power -file motor_controller_power_routed.rpt -pb motor_controller_power_summary_routed.pb -rpx motor_controller_power_routed.rpx
Command: report_power -file motor_controller_power_routed.rpt -pb motor_controller_power_summary_routed.pb -rpx motor_controller_power_routed.rpx
Running Vector-less Activity Propagation...

Finished Running Vector-less Activity Propagation
108 Infos, 0 Warnings, 0 Critical Warnings and 0 Errors encountered.
report_power completed successfully
INFO: [Vivado 12-24828] Executing command : report_clock_utilization -file motor_controller_clock_utilization_routed.rpt
WARNING: [Device 21-9320] Failed to find the Oracle tile group with name 'HSR_BOUNDARY_TOP'. This is required for Clock regions and Virtual grid.
WARNING: [Device 21-2174] Failed to initialize Virtual grid.
INFO: [Timing 38-480] Writing timing data to binary archive.
Write ShapeDB Complete: Time (s): cpu = 00:00:00.01 ; elapsed = 00:00:00 . Memory (MB): peak = 3037.348 ; gain = 0.000 ; free physical = 178 ; free virtual = 5966
Wrote PlaceDB: Time (s): cpu = 00:00:00.03 ; elapsed = 00:00:00.01 . Memory (MB): peak = 3037.348 ; gain = 0.000 ; free physical = 178 ; free virtual = 5966
Wrote PulsedLatchDB: Time (s): cpu = 00:00:00 ; elapsed = 00:00:00 . Memory (MB): peak = 3037.348 ; gain = 0.000 ; free physical = 178 ; free virtual = 5966
Writing XDEF routing.
Writing XDEF routing logical nets.
Writing XDEF routing special nets.
Wrote RouteStorage: Time (s): cpu = 00:00:00.04 ; elapsed = 00:00:00.02 . Memory (MB): peak = 3037.348 ; gain = 0.000 ; free physical = 178 ; free virtual = 5967
Wrote Netlist Cache: Time (s): cpu = 00:00:00 ; elapsed = 00:00:00 . Memory (MB): peak = 3037.348 ; gain = 0.000 ; free physical = 178 ; free virtual = 5967
Wrote Device Cache: Time (s): cpu = 00:00:00.01 ; elapsed = 00:00:00.01 . Memory (MB): peak = 3037.348 ; gain = 0.000 ; free physical = 178 ; free virtual = 5967
Write Physdb Complete: Time (s): cpu = 00:00:00.09 ; elapsed = 00:00:00.04 . Memory (MB): peak = 3037.348 ; gain = 0.000 ; free physical = 178 ; free virtual = 5967
INFO: [Common 17-1381] The checkpoint '/home/asanka/Documents/Vivado/motor_controller/motor_controller.runs/impl_1/motor_controller_routed.dcp' has been generated.
INFO: [Common 17-206] Exiting Vivado at Thu Jul 18 20:23:55 2024...

*** Running vivado
    with args -log motor_controller.vdi -applog -m64 -product Vivado -messageDb vivado.pb -mode batch -source motor_controller.tcl -notrace


****** Vivado v2024.1 (64-bit)
  **** SW Build 5076996 on Wed May 22 18:36:09 MDT 2024
  **** IP Build 5075265 on Wed May 22 21:45:21 MDT 2024
  **** SharedData Build 5076995 on Wed May 22 18:29:18 MDT 2024
  **** Start of session at: Thu Jul 18 20:24:06 2024
    ** Copyright 1986-2022 Xilinx, Inc. All Rights Reserved.
    ** Copyright 2022-2024 Advanced Micro Devices, Inc. All Rights Reserved.

source motor_controller.tcl -notrace
Command: open_checkpoint motor_controller_routed.dcp
INFO: [Device 21-403] Loading part xc7z007sclg400-1
INFO: [Device 21-9227] Part: xc7z007sclg400-1 does not have CEAM library.
Netlist sorting complete. Time (s): cpu = 00:00:00 ; elapsed = 00:00:00 . Memory (MB): peak = 1719.473 ; gain = 0.000 ; free physical = 1324 ; free virtual = 7108
INFO: [Netlist 29-17] Analyzing 14 Unisim elements for replacement
INFO: [Netlist 29-28] Unisim Transformation completed in 0 CPU seconds
INFO: [Project 1-479] Netlist was created with Vivado 2024.1
INFO: [Project 1-570] Preparing netlist for logic optimization
Read ShapeDB Complete: Time (s): cpu = 00:00:00.01 ; elapsed = 00:00:00 . Memory (MB): peak = 1784.285 ; gain = 0.000 ; free physical = 1229 ; free virtual = 7014
INFO: [Timing 38-478] Restoring timing data from binary archive.
INFO: [Timing 38-479] Binary timing data restore complete.
INFO: [Project 1-856] Restoring constraints from binary archive.
INFO: [Project 1-853] Binary constraint restore complete.
INFO: [Designutils 20-5722] Start Reading Physical Databases.
Reading placement.
Read Netlist Cache: Time (s): cpu = 00:00:00 ; elapsed = 00:00:00 . Memory (MB): peak = 2398.473 ; gain = 0.000 ; free physical = 703 ; free virtual = 6488
Reading placer database...
Read Device Cache: Time (s): cpu = 00:00:00.01 ; elapsed = 00:00:00.01 . Memory (MB): peak = 2398.473 ; gain = 0.000 ; free physical = 703 ; free virtual = 6488
Read PlaceDB: Time (s): cpu = 00:00:00.01 ; elapsed = 00:00:00.01 . Memory (MB): peak = 2398.473 ; gain = 0.000 ; free physical = 703 ; free virtual = 6488
Read PulsedLatchDB: Time (s): cpu = 00:00:00 ; elapsed = 00:00:00 . Memory (MB): peak = 2398.473 ; gain = 0.000 ; free physical = 703 ; free virtual = 6488
Reading routing.
Read RouteStorage: Time (s): cpu = 00:00:00.01 ; elapsed = 00:00:00.01 . Memory (MB): peak = 2398.473 ; gain = 0.000 ; free physical = 703 ; free virtual = 6488
Read Physdb Files: Time (s): cpu = 00:00:00.04 ; elapsed = 00:00:00.04 . Memory (MB): peak = 2398.473 ; gain = 0.000 ; free physical = 703 ; free virtual = 6488
Restored from archive | CPU: 0.110000 secs | Memory: 1.247749 MB |
Finished XDEF File Restore: Time (s): cpu = 00:00:00.1 ; elapsed = 00:00:00.09 . Memory (MB): peak = 2398.473 ; gain = 6.938 ; free physical = 703 ; free virtual = 6488
Netlist sorting complete. Time (s): cpu = 00:00:00 ; elapsed = 00:00:00 . Memory (MB): peak = 2398.473 ; gain = 0.000 ; free physical = 703 ; free virtual = 6488
INFO: [Project 1-111] Unisim Transformation Summary:
No Unisim elements were transformed.

INFO: [Project 1-604] Checkpoint was created with Vivado v2024.1 (64-bit) build 5076996
WARNING: [Vivado 12-23575] Critical violations of the methodology design rules detected. Critical violations may contribute to timing failures or cause functional issues in hardware. Run report_methodology for more information.
open_checkpoint: Time (s): cpu = 00:00:22 ; elapsed = 00:00:24 . Memory (MB): peak = 2398.473 ; gain = 982.207 ; free physical = 703 ; free virtual = 6488
Command: write_bitstream -force motor_controller.bit
Attempting to get a license for feature 'Implementation' and/or device 'xc7z007s'
INFO: [Common 17-349] Got license for feature 'Implementation' and/or device 'xc7z007s'
Running DRC as a precondition to command write_bitstream
INFO: [IP_Flow 19-234] Refreshing IP repositories
INFO: [IP_Flow 19-1704] No user IP repositories specified
INFO: [IP_Flow 19-2313] Loaded Vivado IP repository '/media/asanka/External/Vivado/Vivado/2024.1/data/ip'.
INFO: [DRC 23-27] Running DRC with 8 threads
WARNING: [DRC ZPS7-1] PS7 block required: The PS7 cell must be used in this Zynq design in order to enable correct default configuration.
INFO: [Vivado 12-3199] DRC finished with 0 Errors, 1 Warnings
INFO: [Vivado 12-3200] Please refer to the DRC report (report_drc) for more information.
INFO: [Designutils 20-2272] Running write_bitstream with 8 threads.
Loading data files...
Loading site data...
Loading route data...
Processing options...
Creating bitmap...
Creating bitstream...
Writing bitstream ./motor_controller.bit...
INFO: [Vivado 12-1842] Bitgen Completed Successfully.
INFO: [Project 1-1876] WebTalk data collection is mandatory when using a ULT device. To see the specific WebTalk data collected for your design, open the usage_statistics_webtalk.html or usage_statistics_webtalk.xml file in the implementation directory.
INFO: [Common 17-83] Releasing license: Implementation
24 Infos, 2 Warnings, 0 Critical Warnings and 0 Errors encountered.
write_bitstream completed successfully
write_bitstream: Time (s): cpu = 00:00:10 ; elapsed = 00:00:19 . Memory (MB): peak = 2843.375 ; gain = 444.902 ; free physical = 230 ; free virtual = 6030
INFO: [Common 17-206] Exiting Vivado at Thu Jul 18 20:24:56 2024...
